<?xml version="1.0" encoding="UTF-8"?>
<!-- Generated by org.testng.reporters.JUnitXMLReporter -->
<testsuite hostname="DESKTOP-89OTHQ5" ignored="0" name="Default test" tests="4" failures="0" timestamp="06 Sep 2020 10:16:32 GMT" time="1.736" errors="0">
  <testcase name="test01" time="1.494" classname="comJenkinsDemo.DemoTest"/>
  <testcase name="test02" time="0.01" classname="comJenkinsDemo.DemoTest"/>
  <testcase name="test03" time="0.008" classname="comJenkinsDemo.DemoTest"/>
  <testcase name="test04" time="0.013" classname="comJenkinsDemo.DemoTest"/>
</testsuite> <!-- Default test -->
