<?xml version="1.0" encoding="UTF-8"?>
<testng-results skipped="0" failed="0" ignored="0" total="4" passed="4">
  <reporter-output>
  </reporter-output>
  <suite name="Default suite" duration-ms="1736" started-at="2020-09-06T10:16:29Z" finished-at="2020-09-06T10:16:30Z">
    <groups>
    </groups>
    <test name="Default test" duration-ms="1736" started-at="2020-09-06T10:16:29Z" finished-at="2020-09-06T10:16:30Z">
      <class name="comJenkinsDemo.DemoTest">
        <test-method status="PASS" signature="setUp()[pri:0, instance:comJenkinsDemo.DemoTest@8bd1b6a]" name="setUp" is-config="true" duration-ms="50205" started-at="2020-09-06T10:15:39Z" finished-at="2020-09-06T10:16:29Z">
          <reporter-output>
          </reporter-output>
        </test-method> <!-- setUp -->
        <test-method status="PASS" signature="test01()[pri:0, instance:comJenkinsDemo.DemoTest@8bd1b6a]" name="test01" duration-ms="1494" started-at="2020-09-06T10:16:29Z" finished-at="2020-09-06T10:16:30Z">
          <reporter-output>
          </reporter-output>
        </test-method> <!-- test01 -->
        <test-method status="PASS" signature="test02()[pri:0, instance:comJenkinsDemo.DemoTest@8bd1b6a]" name="test02" duration-ms="10" started-at="2020-09-06T10:16:30Z" finished-at="2020-09-06T10:16:30Z">
          <reporter-output>
          </reporter-output>
        </test-method> <!-- test02 -->
        <test-method status="PASS" signature="test03()[pri:0, instance:comJenkinsDemo.DemoTest@8bd1b6a]" name="test03" duration-ms="8" started-at="2020-09-06T10:16:30Z" finished-at="2020-09-06T10:16:30Z">
          <reporter-output>
          </reporter-output>
        </test-method> <!-- test03 -->
        <test-method status="PASS" signature="test04()[pri:0, instance:comJenkinsDemo.DemoTest@8bd1b6a]" name="test04" duration-ms="13" started-at="2020-09-06T10:16:30Z" finished-at="2020-09-06T10:16:30Z">
          <reporter-output>
          </reporter-output>
        </test-method> <!-- test04 -->
        <test-method status="PASS" signature="tearDown()[pri:0, instance:comJenkinsDemo.DemoTest@8bd1b6a]" name="tearDown" is-config="true" duration-ms="9953" started-at="2020-09-06T10:16:32Z" finished-at="2020-09-06T10:16:42Z">
          <reporter-output>
          </reporter-output>
        </test-method> <!-- tearDown -->
      </class> <!-- comJenkinsDemo.DemoTest -->
    </test> <!-- Default test -->
  </suite> <!-- Default suite -->
</testng-results>
